<?xml version="1.0" encoding="UTF-8"?>
<!-- Generated by org.testng.reporters.JUnitReportReporter -->
<testsuite hostname="LAPTOP-0ESFL29K" failures="0" tests="1" name="TestFacadePatternShapes" time="0.055" errors="0" timestamp="2020-12-23T10:32:14 COT" skipped="0">
  <testcase classname="TestFacadePatternShapes" name="Test0" time="0.055"/>
</testsuite> <!-- TestFacadePatternShapes -->
